RUN	simulations.SampleSimulation	samplesimulation	1587752721171	 	3.3.1
USER	RecordedSimulation	1	START	1587752722841	1587752722841
REQUEST	1		request_0	1587752722869	1587752724510	OK	 
REQUEST	1		css?family=Montserrat%3A300%2C400%2C500%2C600%2C700&ver=5.2.5	1587752724617	1587752724780	OK	 
REQUEST	1		js?id=UA-53375088-1	1587752724625	1587752724824	OK	 
REQUEST	1		scripts?tenant_id=5c14dfd2e317a77267b80dbf&form_id=5d5188d4f420874ad39371d6&form_version=3&content_web_form_id=5e8b0975d59cbc1f950c7783&plz_lang=en	1587752724609	1587752725602	OK	 
REQUEST	1		b7ed6ca4d2d0648dfab2b30df4044ee8.css	1587752724626	1587752726012	OK	 
REQUEST	1		addtoany.min-1.1.js	1587752724627	1587752726050	OK	 
REQUEST	1		jquery.validate.min-1.js	1587752724627	1587752726052	OK	 
REQUEST	1		wp-quicklatex-frontend-2df0f8906f4f22bd9236556d57f40b01.js	1587752724628	1587752726054	OK	 
REQUEST	1		ossleads_analytics.js?tenant=5c14dfd2e317a77267b80dbf&tw=5c14dfd3e317a77267b80ed7	1587752724628	1587752726314	OK	 
REQUEST	1		jquery.min-1.js	1587752724627	1587752726351	OK	 
REQUEST	1		logo-gatling-transparent@15x.svg	1587752726048	1587752726379	OK	 
REQUEST	1		slick.min.js?1507052995&ver=1.8.1	1587752726055	1587752726399	OK	 
REQUEST	1		jquery.fancybox.min.js?499162500&ver=1.0	1587752726380	1587752726728	OK	 
REQUEST	1		isotope.pkgd.min.js?499162500&ver=5.1.4	1587752726353	1587752726733	OK	 
REQUEST	1		main.min.js?1585754538&ver=1.0	1587752726400	1587752726737	OK	 
REQUEST	1		wp-embed.min.js	1587752726729	1587752727134	OK	 
REQUEST	1		request_1	1587752726734	1587752727135	OK	 
REQUEST	1		request_2	1587752726738	1587752727136	OK	 
REQUEST	1		request_3	1587752727134	1587752727547	OK	 
REQUEST	1		gatling-frontline-demo-1024x574.jpg	1587752726051	1587752728890	OK	 
REQUEST	1		all.min.js?499162500&ver=1	1587752724628	1587752729271	OK	 
REQUEST	1		highlight-core-c2232eb547cb0546547a7188f230ad15.js	1587752726053	1587752729572	OK	 
USER	RecordedSimulation	1	END	1587752722841	1587752729588
