RUN	SampleSimulation	samplesimulation	1587752631183	 	3.3.1
USER	RecordedSimulation	1	START	1587752632922	1587752632922
REQUEST	1		request_0	1587752632951	1587752634506	OK	 
REQUEST	1		css?family=Montserrat%3A300%2C400%2C500%2C600%2C700&ver=5.2.5	1587752634770	1587752634944	OK	 
REQUEST	1		js?id=UA-53375088-1	1587752634782	1587752634981	OK	 
REQUEST	1		ossleads_analytics.js?tenant=5c14dfd2e317a77267b80dbf&tw=5c14dfd3e317a77267b80ed7	1587752634801	1587752635597	OK	 
REQUEST	1		scripts?tenant_id=5c14dfd2e317a77267b80dbf&form_id=5d5188d4f420874ad39371d6&form_version=3&content_web_form_id=5e8b0975d59cbc1f950c7783&plz_lang=en	1587752634619	1587752635895	OK	 
REQUEST	1		b7ed6ca4d2d0648dfab2b30df4044ee8.css	1587752634793	1587752636245	OK	 
REQUEST	1		addtoany.min-1.1.js	1587752634796	1587752636296	OK	 
REQUEST	1		jquery.validate.min-1.js	1587752634797	1587752636298	OK	 
REQUEST	1		wp-quicklatex-frontend-2df0f8906f4f22bd9236556d57f40b01.js	1587752634800	1587752636299	OK	 
REQUEST	1		logo-gatling-transparent@15x.svg	1587752636295	1587752636717	OK	 
REQUEST	1		jquery.min-1.js	1587752634795	1587752636723	OK	 
REQUEST	1		slick.min.js?1507052995&ver=1.8.1	1587752636300	1587752636738	OK	 
REQUEST	1		highlight-core-c2232eb547cb0546547a7188f230ad15.js	1587752636298	1587752637128	OK	 
REQUEST	1		wp-embed.min.js	1587752637130	1587752637461	OK	 
REQUEST	1		request_1	1587752637463	1587752637797	OK	 
REQUEST	1		request_2	1587752637798	1587752638146	OK	 
REQUEST	1		main.min.js?1585754538&ver=1.0	1587752636739	1587752638166	OK	 
REQUEST	1		request_3	1587752638147	1587752638561	OK	 
REQUEST	1		all.min.js?499162500&ver=1	1587752634798	1587752639281	OK	 
REQUEST	1		isotope.pkgd.min.js?499162500&ver=5.1.4	1587752636719	1587752639285	OK	 
REQUEST	1		gatling-frontline-demo-1024x574.jpg	1587752636297	1587752639991	OK	 
REQUEST	1		jquery.fancybox.min.js?499162500&ver=1.0	1587752636724	1587752640398	OK	 
USER	RecordedSimulation	1	END	1587752632922	1587752640432
